<?xml version="1.0" encoding="UTF-8"?>
<testsuite xmlns:xsi="http://www.w3.org/2001/XMLSchema-instance" xsi:noNamespaceSchemaLocation="https://maven.apache.org/surefire/maven-surefire-plugin/xsd/surefire-test-report-3.0.xsd" version="3.0" name="com.language.custom.AppTest" time="0.013" tests="1" errors="0" skipped="0" failures="0">
  <properties>
    <property name="java.specification.version" value="17"/>
    <property name="sun.cpu.isalist" value="amd64"/>
    <property name="sun.jnu.encoding" value="Cp1252"/>
    <property name="java.class.path" value="C:\Users\shred\Documents\GitHub\Language-development\target\test-classes;C:\Users\shred\Documents\GitHub\Language-development\target\classes;C:\Users\shred\.m2\repository\junit\junit\3.8.1\junit-3.8.1.jar;C:\Users\shred\.m2\repository\org\antlr\antlr4-runtime\4.13.1\antlr4-runtime-4.13.1.jar;"/>
    <property name="java.vm.vendor" value="Oracle Corporation"/>
    <property name="sun.arch.data.model" value="64"/>
    <property name="user.variant" value=""/>
    <property name="java.vendor.url" value="https://java.oracle.com/"/>
    <property name="user.timezone" value="America/New_York"/>
    <property name="os.name" value="Windows 10"/>
    <property name="java.vm.specification.version" value="17"/>
    <property name="sun.java.launcher" value="SUN_STANDARD"/>
    <property name="user.country" value="US"/>
    <property name="sun.boot.library.path" value="C:\Program Files\openjdk-17.0.2_windows-x64_bin\jdk-17.0.2\bin"/>
    <property name="sun.java.command" value="C:\Users\shred\AppData\Local\Temp\surefire9122276091664197995\surefirebooter-20231229204440208_3.jar C:\Users\shred\AppData\Local\Temp\surefire9122276091664197995 2023-12-29T20-44-40_030-jvmRun1 surefire-20231229204440208_1tmp surefire_0-20231229204440208_2tmp"/>
    <property name="jdk.debug" value="release"/>
    <property name="surefire.test.class.path" value="C:\Users\shred\Documents\GitHub\Language-development\target\test-classes;C:\Users\shred\Documents\GitHub\Language-development\target\classes;C:\Users\shred\.m2\repository\junit\junit\3.8.1\junit-3.8.1.jar;C:\Users\shred\.m2\repository\org\antlr\antlr4-runtime\4.13.1\antlr4-runtime-4.13.1.jar;"/>
    <property name="sun.cpu.endian" value="little"/>
    <property name="user.home" value="C:\Users\shred"/>
    <property name="user.language" value="en"/>
    <property name="java.specification.vendor" value="Oracle Corporation"/>
    <property name="java.version.date" value="2022-01-18"/>
    <property name="java.home" value="C:\Program Files\openjdk-17.0.2_windows-x64_bin\jdk-17.0.2"/>
    <property name="file.separator" value="\"/>
    <property name="basedir" value="C:\Users\shred\Documents\GitHub\Language-development"/>
    <property name="java.vm.compressedOopsMode" value="Zero based"/>
    <property name="line.separator" value="&#10;"/>
    <property name="java.vm.specification.vendor" value="Oracle Corporation"/>
    <property name="java.specification.name" value="Java Platform API Specification"/>
    <property name="surefire.real.class.path" value="C:\Users\shred\AppData\Local\Temp\surefire9122276091664197995\surefirebooter-20231229204440208_3.jar"/>
    <property name="user.script" value=""/>
    <property name="sun.management.compiler" value="HotSpot 64-Bit Tiered Compilers"/>
    <property name="java.runtime.version" value="17.0.2+8-86"/>
    <property name="user.name" value="shred"/>
    <property name="path.separator" value=";"/>
    <property name="os.version" value="10.0"/>
    <property name="java.runtime.name" value="OpenJDK Runtime Environment"/>
    <property name="file.encoding" value="Cp1252"/>
    <property name="java.vm.name" value="OpenJDK 64-Bit Server VM"/>
    <property name="localRepository" value="C:\Users\shred\.m2\repository"/>
    <property name="java.vendor.url.bug" value="https://bugreport.java.com/bugreport/"/>
    <property name="java.io.tmpdir" value="C:\Users\shred\AppData\Local\Temp\"/>
    <property name="java.version" value="17.0.2"/>
    <property name="user.dir" value="C:\Users\shred\Documents\GitHub\Language-development"/>
    <property name="os.arch" value="amd64"/>
    <property name="java.vm.specification.name" value="Java Virtual Machine Specification"/>
    <property name="sun.os.patch.level" value=""/>
    <property name="native.encoding" value="Cp1252"/>
    <property name="java.library.path" value="C:\Program Files\openjdk-17.0.2_windows-x64_bin\jdk-17.0.2\bin;C:\WINDOWS\Sun\Java\bin;C:\WINDOWS\system32;C:\WINDOWS;C:\Python311\Scripts\;C:\Python311\;C:\WINDOWS\system32;C:\WINDOWS;C:\WINDOWS\System32\Wbem;C:\WINDOWS\System32\WindowsPowerShell\v1.0\;C:\WINDOWS\System32\OpenSSH\;C:\Program Files\nodejs\;C:\ProgramData\chocolatey\bin;C:\Program Files\Git\cmd;C:\Program Files\Mullvad VPN\resources;c:\program files (x86)\iracing\d3dgear;C:\Program Files\NVIDIA Corporation\NVIDIA NvDLISR;C:\Program Files (x86)\NVIDIA Corporation\PhysX\Common;C:\Program Files\Erlang OTP\bin;C:\Program Files (x86)\Elixir\bin;C:\Users\shred\.mix\escripts;C:\Program Files\dotnet\;C:\Program Files\Go\bin;C:\Program Files\sqlite;;;;C:\Program Files (x86)\sbt\bin;C:\Program Files\Docker\Docker\resources\bin;C:\Program Files\LLVM\bin;C:\Users\shred\AppData\Roaming\local\bin;C:\Users\shred\.cargo\bin;C:\Users\shred\AppData\Local\Microsoft\WindowsApps;C:\Program Files\jdk-19.0.2\bin;C:\Users\shred\AppData\Roaming\npm;C:\Users\shred\AppData\Local\GitHubDesktop\bin;C:\Users\shred\go\bin;C:\msys64\mingw64\bin;C:\Program Files (x86)\geckodriver-v0.33.0-win-aarch64;C:\Program Files\zig-windows-x86_64-0.11.0-dev.3363+9461ed503;C:\Users\shred\AppData\Local\Programs\Microsoft VS Code\bin;C:\Users\shred\AppData\Roaming\cabal\bin;C:\tools\ghc-9.6.2\bin;C:\tools\msys64;C:\Users\shred\AppData\Local\Coursier\data\bin;C:\Program Files\scala3-3.3.0\bin;C:\ghcup\bin;C:\Program Files\gradle-8.3\bin;C:\Program Files\apache-maven-3.9.4\bin;C:\Program Files\openjdk-17.0.2_windows-x64_bin\jdk-17.0.2\bin;C:\Program Files (x86)\Kotlin\kotlin-compiler-1.9.22\kotlinc\bin;C:\Users\shred\.dotnet\tools;C:\Users\shred\AppData\Roaming\Python\Python310\Scripts;C:\Users\shred\AppData\Roaming\Python\Scripts;;."/>
    <property name="java.vm.info" value="mixed mode, sharing"/>
    <property name="java.vendor" value="Oracle Corporation"/>
    <property name="java.vm.version" value="17.0.2+8-86"/>
    <property name="sun.io.unicode.encoding" value="UnicodeLittle"/>
    <property name="java.class.version" value="61.0"/>
  </properties>
  <testcase name="testApp" classname="com.language.custom.AppTest" time="0.002"/>
</testsuite>